<html>
<head>
<title>TestNG:  Default test</title>
<link href="../testng.css" rel="stylesheet" type="text/css" />
<link href="../my-testng.css" rel="stylesheet" type="text/css" />

<style type="text/css">
.log { display: none;} 
.stack-trace { display: none;} 
</style>
<script type="text/javascript">
<!--
function flip(e) {
  current = e.style.display;
  if (current == 'block') {
    e.style.display = 'none';
    return 0;
  }
  else {
    e.style.display = 'block';
    return 1;
  }
}

function toggleBox(szDivId, elem, msg1, msg2)
{
  var res = -1;  if (document.getElementById) {
    res = flip(document.getElementById(szDivId));
  }
  else if (document.all) {
    // this is the way old msie versions work
    res = flip(document.all[szDivId]);
  }
  if(elem) {
    if(res == 0) elem.innerHTML = msg1; else elem.innerHTML = msg2;
  }

}

function toggleAllBoxes() {
  if (document.getElementsByTagName) {
    d = document.getElementsByTagName('div');
    for (i = 0; i < d.length; i++) {
      if (d[i].className == 'log') {
        flip(d[i]);
      }
    }
  }
}

// -->
</script>

</head>
<body>
<h2 align='center'>Default test</h2><table border='1' align="center">
<tr>
<td>Tests passed/Failed/Skipped:</td><td>17/1/0</td>
</tr><tr>
<td>Started on:</td><td>Tue Jul 27 00:00:13 IST 2021</td>
</tr>
<tr><td>Total time:</td><td>79 seconds (79830 ms)</td>
</tr><tr>
<td>Included groups:</td><td></td>
</tr><tr>
<td>Excluded groups:</td><td></td>
</tr>
</table><p/>
<small><i>(Hover the method name to see the test class name)</i></small><p/>
<table width='100%' border='1' class='invocation-failed'>
<tr><td colspan='4' align='center'><b>FAILED TESTS</b></td></tr>
<tr><td><b>Test method</b></td>
<td width="30%"><b>Exception</b></td>
<td width="10%"><b>Time (seconds)</b></td>
<td><b>Instance</b></td>
</tr>
<tr>
<td title='com.IdentifyNewBikes.Tests.AppTest.selectingBikes()'><b>selectingBikes</b><br>Test class: com.IdentifyNewBikes.Tests.AppTest</td>
<td><div><pre>java.io.FileNotFoundException: C:\Users\hp\eclipse-workspace\IdentifyNewBikes\Excel_Output\BikesAndCars.xlsx (The system cannot find the path specified)
	at java.base/java.io.FileInputStream.open0(Native Method)
	at java.base/java.io.FileInputStream.open(FileInputStream.java:211)
	at java.base/java.io.FileInputStream.&lt;init&gt;(FileInputStream.java:153)
	at java.base/java.io.FileInputStream.&lt;init&gt;(FileInputStream.java:108)
	at com.IdentifyNewBikes.Utils.WriteExcelUtils.writeData(WriteExcelUtils.java:14)
	at com.IdentifyNewBikes.Tests.AppTest.selectingBikes(AppTest.java:243)
	at java.base/jdk.internal.reflect.NativeMethodAccessorImpl.invoke0(Native Method)
	at java.base/jdk.internal.reflect.NativeMethodAccessorImpl.invoke(NativeMethodAccessorImpl.java:64)
	at java.base/jdk.internal.reflect.DelegatingMethodAccessorImpl.invoke(DelegatingMethodAccessorImpl.java:43)
	at java.base/java.lang.reflect.Method.invoke(Method.java:564)
	at org.testng.internal.MethodInvocationHelper.invokeMethod(MethodInvocationHelper.java:133)
	at org.testng.internal.TestInvoker.invokeMethod(TestInvoker.java:598)
	at org.testng.internal.TestInvoker.invokeTestMethod(TestInvoker.java:173)
	at org.testng.internal.MethodRunner.runInSequence(MethodRunner.java:46)
	at org.testng.internal.TestInvoker$MethodInvocationAgent.invoke(TestInvoker.java:824)
	at org.testng.internal.TestInvoker.invokeTestMethods(TestInvoker.java:146)
	at org.testng.internal.TestMethodWorker.invokeTestMethods(TestMethodWorker.java:146)
	at org.testng.internal.TestMethodWorker.run(TestMethodWorker.java:128)
	at java.base/java.util.ArrayList.forEach(ArrayList.java:1511)
	at org.testng.TestRunner.privateRun(TestRunner.java:794)
	at org.testng.TestRunner.run(TestRunner.java:596)
	at org.testng.SuiteRunner.runTest(SuiteRunner.java:377)
	at org.testng.SuiteRunner.runSequentially(SuiteRunner.java:371)
	at org.testng.SuiteRunner.privateRun(SuiteRunner.java:332)
	at org.testng.SuiteRunner.run(SuiteRunner.java:276)
	at org.testng.SuiteRunnerWorker.runSuite(SuiteRunnerWorker.java:53)
	at org.testng.SuiteRunnerWorker.run(SuiteRunnerWorker.java:96)
	at org.testng.TestNG.runSuitesSequentially(TestNG.java:1212)
	at org.testng.TestNG.runSuitesLocally(TestNG.java:1134)
	at org.testng.TestNG.runSuites(TestNG.java:1063)
	at org.testng.TestNG.run(TestNG.java:1031)
	at org.testng.remote.AbstractRemoteTestNG.run(AbstractRemoteTestNG.java:115)
	at org.testng.remote.RemoteTestNG.initAndRun(RemoteTestNG.java:251)
	at org.testng.remote.RemoteTestNG.main(RemoteTestNG.java:77)
</pre></div><a href='#' onClick='toggleBox("stack-trace932118570", this, "Click to show all stack frames", "Click to hide stack frames")'>Click to show all stack frames</a>
<div class='stack-trace' id='stack-trace932118570'><pre>java.io.FileNotFoundException: C:\Users\hp\eclipse-workspace\IdentifyNewBikes\Excel_Output\BikesAndCars.xlsx (The system cannot find the path specified)
	at java.base/java.io.FileInputStream.open0(Native Method)
	at java.base/java.io.FileInputStream.open(FileInputStream.java:211)
	at java.base/java.io.FileInputStream.&lt;init&gt;(FileInputStream.java:153)
	at java.base/java.io.FileInputStream.&lt;init&gt;(FileInputStream.java:108)
	at com.IdentifyNewBikes.Utils.WriteExcelUtils.writeData(WriteExcelUtils.java:14)
	at com.IdentifyNewBikes.Tests.AppTest.selectingBikes(AppTest.java:243)
	at java.base/jdk.internal.reflect.NativeMethodAccessorImpl.invoke0(Native Method)
	at java.base/jdk.internal.reflect.NativeMethodAccessorImpl.invoke(NativeMethodAccessorImpl.java:64)
	at java.base/jdk.internal.reflect.DelegatingMethodAccessorImpl.invoke(DelegatingMethodAccessorImpl.java:43)
	at java.base/java.lang.reflect.Method.invoke(Method.java:564)
	at org.testng.internal.MethodInvocationHelper.invokeMethod(MethodInvocationHelper.java:133)
	at org.testng.internal.TestInvoker.invokeMethod(TestInvoker.java:598)
	at org.testng.internal.TestInvoker.invokeTestMethod(TestInvoker.java:173)
	at org.testng.internal.MethodRunner.runInSequence(MethodRunner.java:46)
	at org.testng.internal.TestInvoker$MethodInvocationAgent.invoke(TestInvoker.java:824)
	at org.testng.internal.TestInvoker.invokeTestMethods(TestInvoker.java:146)
	at org.testng.internal.TestMethodWorker.invokeTestMethods(TestMethodWorker.java:146)
	at org.testng.internal.TestMethodWorker.run(TestMethodWorker.java:128)
	at java.base/java.util.ArrayList.forEach(ArrayList.java:1511)
	at org.testng.TestRunner.privateRun(TestRunner.java:794)
	at org.testng.TestRunner.run(TestRunner.java:596)
	at org.testng.SuiteRunner.runTest(SuiteRunner.java:377)
	at org.testng.SuiteRunner.runSequentially(SuiteRunner.java:371)
	at org.testng.SuiteRunner.privateRun(SuiteRunner.java:332)
	at org.testng.SuiteRunner.run(SuiteRunner.java:276)
	at org.testng.SuiteRunnerWorker.runSuite(SuiteRunnerWorker.java:53)
	at org.testng.SuiteRunnerWorker.run(SuiteRunnerWorker.java:96)
	at org.testng.TestNG.runSuitesSequentially(TestNG.java:1212)
	at org.testng.TestNG.runSuitesLocally(TestNG.java:1134)
	at org.testng.TestNG.runSuites(TestNG.java:1063)
	at org.testng.TestNG.run(TestNG.java:1031)
	at org.testng.remote.AbstractRemoteTestNG.run(AbstractRemoteTestNG.java:115)
	at org.testng.remote.RemoteTestNG.initAndRun(RemoteTestNG.java:251)
	at org.testng.remote.RemoteTestNG.main(RemoteTestNG.java:77)
</pre></div></td>
<td>6</td>
<td>com.IdentifyNewBikes.Tests.AppTest@3700ec9c</td></tr>
</table><p>
<table width='100%' border='1' class='invocation-passed'>
<tr><td colspan='4' align='center'><b>PASSED TESTS</b></td></tr>
<tr><td><b>Test method</b></td>
<td width="30%"><b>Exception</b></td>
<td width="10%"><b>Time (seconds)</b></td>
<td><b>Instance</b></td>
</tr>
<tr>
<td title='com.IdentifyNewBikes.Tests.AppTest.validEmailInvalidPassword()'><b>validEmailInvalidPassword</b><br>Test class: com.IdentifyNewBikes.Tests.AppTest</td>
<td></td>
<td>10</td>
<td>com.IdentifyNewBikes.Tests.AppTest@3700ec9c</td></tr>
<tr>
<td title='com.IdentifyNewBikes.Tests.AppTest.pageTitle()'><b>pageTitle</b><br>Test class: com.IdentifyNewBikes.Tests.AppTest</td>
<td></td>
<td>0</td>
<td>com.IdentifyNewBikes.Tests.AppTest@3700ec9c</td></tr>
<tr>
<td title='com.IdentifyNewBikes.Tests.AppTest.invalidEmail()'><b>invalidEmail</b><br>Test class: com.IdentifyNewBikes.Tests.AppTest</td>
<td></td>
<td>2</td>
<td>com.IdentifyNewBikes.Tests.AppTest@3700ec9c</td></tr>
<tr>
<td title='com.IdentifyNewBikes.Tests.AppTest.clickOnUpcomingBikes()'><b>clickOnUpcomingBikes</b><br>Test class: com.IdentifyNewBikes.Tests.AppTest</td>
<td></td>
<td>1</td>
<td>com.IdentifyNewBikes.Tests.AppTest@3700ec9c</td></tr>
<tr>
<td title='com.IdentifyNewBikes.Tests.AppTest.callingBrowser()'><b>callingBrowser</b><br>Test class: com.IdentifyNewBikes.Tests.AppTest</td>
<td></td>
<td>4</td>
<td>com.IdentifyNewBikes.Tests.AppTest@3700ec9c</td></tr>
<tr>
<td title='com.IdentifyNewBikes.Tests.AppTest.selectContinueWithGoogle()'><b>selectContinueWithGoogle</b><br>Test class: com.IdentifyNewBikes.Tests.AppTest</td>
<td></td>
<td>6</td>
<td>com.IdentifyNewBikes.Tests.AppTest@3700ec9c</td></tr>
<tr>
<td title='com.IdentifyNewBikes.Tests.AppTest.ClickOnNextBtn()'><b>ClickOnNextBtn</b><br>Test class: com.IdentifyNewBikes.Tests.AppTest</td>
<td></td>
<td>3</td>
<td>com.IdentifyNewBikes.Tests.AppTest@3700ec9c</td></tr>
<tr>
<td title='com.IdentifyNewBikes.Tests.AppTest.clickOnNewBikes()'><b>clickOnNewBikes</b><br>Test class: com.IdentifyNewBikes.Tests.AppTest</td>
<td></td>
<td>3</td>
<td>com.IdentifyNewBikes.Tests.AppTest@3700ec9c</td></tr>
<tr>
<td title='com.IdentifyNewBikes.Tests.AppTest.getUsedCars()'><b>getUsedCars</b><br>Test class: com.IdentifyNewBikes.Tests.AppTest</td>
<td></td>
<td>7</td>
<td>com.IdentifyNewBikes.Tests.AppTest@3700ec9c</td></tr>
<tr>
<td title='com.IdentifyNewBikes.Tests.AppTest.selectHondaCompanyBikes()'><b>selectHondaCompanyBikes</b><br>Test class: com.IdentifyNewBikes.Tests.AppTest</td>
<td></td>
<td>1</td>
<td>com.IdentifyNewBikes.Tests.AppTest@3700ec9c</td></tr>
<tr>
<td title='com.IdentifyNewBikes.Tests.AppTest.pageTile2()'><b>pageTile2</b><br>Test class: com.IdentifyNewBikes.Tests.AppTest</td>
<td></td>
<td>0</td>
<td>com.IdentifyNewBikes.Tests.AppTest@3700ec9c</td></tr>
<tr>
<td title='com.IdentifyNewBikes.Tests.AppTest.clickOnUsedCars()'><b>clickOnUsedCars</b><br>Test class: com.IdentifyNewBikes.Tests.AppTest</td>
<td></td>
<td>2</td>
<td>com.IdentifyNewBikes.Tests.AppTest@3700ec9c</td></tr>
<tr>
<td title='com.IdentifyNewBikes.Tests.AppTest.pageOpening()'><b>pageOpening</b><br>Test class: com.IdentifyNewBikes.Tests.AppTest</td>
<td></td>
<td>2</td>
<td>com.IdentifyNewBikes.Tests.AppTest@3700ec9c</td></tr>
<tr>
<td title='com.IdentifyNewBikes.Tests.AppTest.clickNxt2Btn()'><b>clickNxt2Btn</b><br>Test class: com.IdentifyNewBikes.Tests.AppTest</td>
<td></td>
<td>6</td>
<td>com.IdentifyNewBikes.Tests.AppTest@3700ec9c</td></tr>
<tr>
<td title='com.IdentifyNewBikes.Tests.AppTest.clickOnChennaiBtn()'><b>clickOnChennaiBtn</b><br>Test class: com.IdentifyNewBikes.Tests.AppTest</td>
<td></td>
<td>13</td>
<td>com.IdentifyNewBikes.Tests.AppTest@3700ec9c</td></tr>
<tr>
<td title='com.IdentifyNewBikes.Tests.AppTest.selectLogin()'><b>selectLogin</b><br>Test class: com.IdentifyNewBikes.Tests.AppTest</td>
<td></td>
<td>6</td>
<td>com.IdentifyNewBikes.Tests.AppTest@3700ec9c</td></tr>
<tr>
<td title='com.IdentifyNewBikes.Tests.AppTest.pageTitle1()'><b>pageTitle1</b><br>Test class: com.IdentifyNewBikes.Tests.AppTest</td>
<td></td>
<td>0</td>
<td>com.IdentifyNewBikes.Tests.AppTest@3700ec9c</td></tr>
</table><p>
</body>
</html>