<?xml version="1.0" encoding="UTF-8"?>
<!-- Generated by org.testng.reporters.JUnitXMLReporter -->
<testsuite ignored="0" hostname="DESKTOP-G8C6HRI" failures="1" tests="18" name="Default test" time="79.83" errors="0" timestamp="2021-07-27T00:01:33 IST">
  <testcase classname="com.IdentifyNewBikes.Tests.AppTest" name="callingBrowser" time="4.442"/>
  <testcase classname="com.IdentifyNewBikes.Tests.AppTest" name="pageOpening" time="2.197"/>
  <testcase classname="com.IdentifyNewBikes.Tests.AppTest" name="pageTitle" time="0.204"/>
  <testcase classname="com.IdentifyNewBikes.Tests.AppTest" name="selectLogin" time="6.655"/>
  <testcase classname="com.IdentifyNewBikes.Tests.AppTest" name="selectContinueWithGoogle" time="6.318"/>
  <testcase classname="com.IdentifyNewBikes.Tests.AppTest" name="invalidEmail" time="2.709"/>
  <testcase classname="com.IdentifyNewBikes.Tests.AppTest" name="ClickOnNextBtn" time="3.279"/>
  <testcase classname="com.IdentifyNewBikes.Tests.AppTest" name="validEmailInvalidPassword" time="10.576"/>
  <testcase classname="com.IdentifyNewBikes.Tests.AppTest" name="clickNxt2Btn" time="6.369"/>
  <testcase classname="com.IdentifyNewBikes.Tests.AppTest" name="clickOnNewBikes" time="3.726"/>
  <testcase classname="com.IdentifyNewBikes.Tests.AppTest" name="clickOnUpcomingBikes" time="1.458"/>
  <testcase classname="com.IdentifyNewBikes.Tests.AppTest" name="pageTitle1" time="0.23"/>
  <testcase classname="com.IdentifyNewBikes.Tests.AppTest" name="selectHondaCompanyBikes" time="1.135"/>
  <testcase classname="com.IdentifyNewBikes.Tests.AppTest" name="selectingBikes" time="6.76">
    <failure type="java.io.FileNotFoundException" message="C:\Users\hp\eclipse-workspace\IdentifyNewBikes\Excel_Output\BikesAndCars.xlsx (The system cannot find the path specified)">
      <![CDATA[java.io.FileNotFoundException: C:\Users\hp\eclipse-workspace\IdentifyNewBikes\Excel_Output\BikesAndCars.xlsx (The system cannot find the path specified)
at java.base/java.io.FileInputStream.open0(Native Method)
at java.base/java.io.FileInputStream.open(FileInputStream.java:211)
at java.base/java.io.FileInputStream.<init>(FileInputStream.java:153)
at java.base/java.io.FileInputStream.<init>(FileInputStream.java:108)
at com.IdentifyNewBikes.Utils.WriteExcelUtils.writeData(WriteExcelUtils.java:14)
at com.IdentifyNewBikes.Tests.AppTest.selectingBikes(AppTest.java:243)
at java.base/jdk.internal.reflect.NativeMethodAccessorImpl.invoke0(Native Method)
at java.base/jdk.internal.reflect.NativeMethodAccessorImpl.invoke(NativeMethodAccessorImpl.java:64)
at java.base/jdk.internal.reflect.DelegatingMethodAccessorImpl.invoke(DelegatingMethodAccessorImpl.java:43)
at java.base/java.lang.reflect.Method.invoke(Method.java:564)
at org.testng.internal.MethodInvocationHelper.invokeMethod(MethodInvocationHelper.java:133)
at org.testng.internal.TestInvoker.invokeMethod(TestInvoker.java:598)
at org.testng.internal.TestInvoker.invokeTestMethod(TestInvoker.java:173)
at org.testng.internal.MethodRunner.runInSequence(MethodRunner.java:46)
at org.testng.internal.TestInvoker$MethodInvocationAgent.invoke(TestInvoker.java:824)
at org.testng.internal.TestInvoker.invokeTestMethods(TestInvoker.java:146)
at org.testng.internal.TestMethodWorker.invokeTestMethods(TestMethodWorker.java:146)
at org.testng.internal.TestMethodWorker.run(TestMethodWorker.java:128)
at java.base/java.util.ArrayList.forEach(ArrayList.java:1511)
at org.testng.TestRunner.privateRun(TestRunner.java:794)
at org.testng.TestRunner.run(TestRunner.java:596)
at org.testng.SuiteRunner.runTest(SuiteRunner.java:377)
at org.testng.SuiteRunner.runSequentially(SuiteRunner.java:371)
at org.testng.SuiteRunner.privateRun(SuiteRunner.java:332)
at org.testng.SuiteRunner.run(SuiteRunner.java:276)
at org.testng.SuiteRunnerWorker.runSuite(SuiteRunnerWorker.java:53)
at org.testng.SuiteRunnerWorker.run(SuiteRunnerWorker.java:96)
at org.testng.TestNG.runSuitesSequentially(TestNG.java:1212)
at org.testng.TestNG.runSuitesLocally(TestNG.java:1134)
at org.testng.TestNG.runSuites(TestNG.java:1063)
at org.testng.TestNG.run(TestNG.java:1031)
at org.testng.remote.AbstractRemoteTestNG.run(AbstractRemoteTestNG.java:115)
at org.testng.remote.RemoteTestNG.initAndRun(RemoteTestNG.java:251)
at org.testng.remote.RemoteTestNG.main(RemoteTestNG.java:77)
]]>
    </failure>
  </testcase> <!-- selectingBikes -->
  <testcase classname="com.IdentifyNewBikes.Tests.AppTest" name="clickOnUsedCars" time="2.203"/>
  <testcase classname="com.IdentifyNewBikes.Tests.AppTest" name="clickOnChennaiBtn" time="13.214"/>
  <testcase classname="com.IdentifyNewBikes.Tests.AppTest" name="pageTile2" time="0.008"/>
  <testcase classname="com.IdentifyNewBikes.Tests.AppTest" name="getUsedCars" time="7.035"/>
</testsuite> <!-- Default test -->
